Using pre-set license
Built from '2020.3/staging' branch; Version is '2020.3.23f1 (c5d91304a876) revision 12966163'; Using compiler version '192528614'; Build Type 'Release'
OS: 'Windows 10 Pro; OS build 19042.1348; Version 2009; 64bit' Language: 'pt' Physical Memory: 16318 MB
BatchMode: 1, IsHumanControllingUs: 0, StartBugReporterOnCrash: 0, Is64bit: 1, IsPro: 0

COMMAND LINE ARGUMENTS:
C:\Program Files\Unity\Hub\Editor\2020.3.23f1\Editor\Unity.exe
-adb2
-batchMode
-noUpm
-name
AssetImportWorker0
-projectPath
C:/Users/ximith/Documents/GitHub/PixelMoon/PixelMoon
-logFile
Logs/AssetImportWorker0.log
-srvPort
59839
Successfully changed project path to: C:/Users/ximith/Documents/GitHub/PixelMoon/PixelMoon
C:/Users/ximith/Documents/GitHub/PixelMoon/PixelMoon
Using Asset Import Pipeline V2.
Refreshing native plugins compatible for Editor in 71.87 ms, found 3 plugins.
Preloading 0 native plugins for Editor in 0.00 ms.
Initialize engine version: 2020.3.23f1 (c5d91304a876)
[Subsystems] Discovering subsystems at path C:/Program Files/Unity/Hub/Editor/2020.3.23f1/Editor/Data/Resources/UnitySubsystems
[Subsystems] Discovering subsystems at path C:/Users/ximith/Documents/GitHub/PixelMoon/PixelMoon/Assets
GfxDevice: creating device client; threaded=0
Direct3D:
    Version:  Direct3D 11.0 [level 11.1]
    Renderer: NVIDIA GeForce GTX 1650 (ID=0x1f82)
    Vendor:   
    VRAM:     3962 MB
    Driver:   30.0.14.7141
Initialize mono
Mono path[0] = 'C:/Program Files/Unity/Hub/Editor/2020.3.23f1/Editor/Data/Managed'
Mono path[1] = 'C:/Program Files/Unity/Hub/Editor/2020.3.23f1/Editor/Data/MonoBleedingEdge/lib/mono/unityjit'
Mono config path = 'C:/Program Files/Unity/Hub/Editor/2020.3.23f1/Editor/Data/MonoBleedingEdge/etc'
Using monoOptions --debugger-agent=transport=dt_socket,embedding=1,server=y,suspend=n,address=127.0.0.1:56904
Begin MonoManager ReloadAssembly
Registering precompiled unity dll's ...
Register platform support module: C:/Program Files/Unity/Hub/Editor/2020.3.23f1/Editor/Data/PlaybackEngines/WindowsStandaloneSupport/UnityEditor.WindowsStandalone.Extensions.dll
Registered in 0.001697 seconds.
Native extension for WindowsStandalone target not found
Refreshing native plugins compatible for Editor in 62.55 ms, found 3 plugins.
Preloading 0 native plugins for Editor in 0.00 ms.
Mono: successfully reloaded assembly
- Completed reload, in  0.523 seconds
Domain Reload Profiling:
	ReloadAssembly (523ms)
		BeginReloadAssembly (44ms)
			ExecutionOrderSort (0ms)
			DisableScriptedObjects (0ms)
			BackupInstance (0ms)
			ReleaseScriptingObjects (0ms)
			CreateAndSetChildDomain (1ms)
		EndReloadAssembly (413ms)
			LoadAssemblies (42ms)
			RebuildTransferFunctionScriptingTraits (0ms)
			SetupTypeCache (136ms)
			ReleaseScriptCaches (0ms)
			RebuildScriptCaches (25ms)
			SetupLoadedEditorAssemblies (168ms)
				LogAssemblyErrors (0ms)
				InitializePlatformSupportModulesInManaged (4ms)
				SetLoadedEditorAssemblies (0ms)
				RefreshPlugins (63ms)
				BeforeProcessingInitializeOnLoad (7ms)
				ProcessInitializeOnLoadAttributes (71ms)
				ProcessInitializeOnLoadMethodAttributes (24ms)
				AfterProcessingInitializeOnLoad (0ms)
				EditorAssembliesLoaded (0ms)
			ExecutionOrderSort2 (0ms)
			AwakeInstancesAfterBackupRestoration (0ms)
Platform modules already initialized, skipping
Registering precompiled user dll's ...
Registered in 0.006965 seconds.
Begin MonoManager ReloadAssembly
Native extension for WindowsStandalone target not found
Refreshing native plugins compatible for Editor in 64.53 ms, found 3 plugins.
Preloading 0 native plugins for Editor in 0.00 ms.
Mono: successfully reloaded assembly
- Completed reload, in  1.146 seconds
Domain Reload Profiling:
	ReloadAssembly (1147ms)
		BeginReloadAssembly (127ms)
			ExecutionOrderSort (0ms)
			DisableScriptedObjects (4ms)
			BackupInstance (0ms)
			ReleaseScriptingObjects (0ms)
			CreateAndSetChildDomain (16ms)
		EndReloadAssembly (963ms)
			LoadAssemblies (86ms)
			RebuildTransferFunctionScriptingTraits (0ms)
			SetupTypeCache (303ms)
			ReleaseScriptCaches (1ms)
			RebuildScriptCaches (51ms)
			SetupLoadedEditorAssemblies (412ms)
				LogAssemblyErrors (0ms)
				InitializePlatformSupportModulesInManaged (3ms)
				SetLoadedEditorAssemblies (0ms)
				RefreshPlugins (65ms)
				BeforeProcessingInitializeOnLoad (82ms)
				ProcessInitializeOnLoadAttributes (209ms)
				ProcessInitializeOnLoadMethodAttributes (47ms)
				AfterProcessingInitializeOnLoad (6ms)
				EditorAssembliesLoaded (0ms)
			ExecutionOrderSort2 (0ms)
			AwakeInstancesAfterBackupRestoration (6ms)
Platform modules already initialized, skipping
========================================================================
Worker process is ready to serve import requests
Launched and connected shader compiler UnityShaderCompiler.exe after 0.06 seconds
Refreshing native plugins compatible for Editor in 0.78 ms, found 3 plugins.
Preloading 0 native plugins for Editor in 0.00 ms.
Unloading 3071 Unused Serialized files (Serialized files now loaded: 0)
System memory in use before: 122.6 MB.
System memory in use after: 122.8 MB.

Unloading 68 unused Assets to reduce memory usage. Loaded Objects now: 3469.
Total: 5.839000 ms (FindLiveObjects: 0.283700 ms CreateObjectMapping: 0.174100 ms MarkObjects: 5.316600 ms  DeleteObjects: 0.063700 ms)

AssetImportParameters requested are different than current active one (requested -> active):
  custom:framework-win-MediaFoundation: 216162199b28c13a410421893ffa2e32 -> 
  custom:video-decoder-ogg-theora: a1e56fd34408186e4bbccfd4996cb3dc -> 
  custom:container-muxer-webm: aa71ff27fc2769a1b78a27578f13a17b -> 
  custom:container-demuxer-webm: 4f35f7cbe854078d1ac9338744f61a02 -> 
  custom:container-demuxer-ogg: 62fdf1f143b41e24485cea50d1cbac27 -> 
  custom:video-encoder-webm-vp8: eb34c28f22e8b96e1ab97ce403110664 -> 
  custom:video-decoder-webm-vp8: 9c59270c3fd7afecdb556c50c9e8de78 -> 
  custom:audio-decoder-ogg-vorbis: bf7c407c2cedff20999df2af8eb42d56 -> 
  custom:audio-encoder-webm-vorbis: bf7c407c2cedff20999df2af8eb42d56 -> 
========================================================================
Received Import Request.
  path: Assets/Souns n Musics/Sounds/fase 2/168991__janusnovak__designa-factory-sounds0008.wav
  artifactKey: Guid(a195b05d41c92d44eaa19d0bc0fb761a) Importer(815301076,1909f56bfc062723c751e8b465ee728b)
Start importing Assets/Souns n Musics/Sounds/fase 2/168991__janusnovak__designa-factory-sounds0008.wav using Guid(a195b05d41c92d44eaa19d0bc0fb761a) Importer(815301076,1909f56bfc062723c751e8b465ee728b)  -> (artifact id: 'e3687076a2470ebc665570dc2552d040') in 0.086784 seconds 
  Import took 0.091036 seconds .

========================================================================
Received Import Request.
  Time since last request: 0.000175 seconds.
  path: Assets/Souns n Musics/Sounds/fase 2/27975__tim-kahn__steam.flac
  artifactKey: Guid(4761b6d8546993545b507866604aed6f) Importer(815301076,1909f56bfc062723c751e8b465ee728b)
Start importing Assets/Souns n Musics/Sounds/fase 2/27975__tim-kahn__steam.flac using Guid(4761b6d8546993545b507866604aed6f) Importer(815301076,1909f56bfc062723c751e8b465ee728b)  -> (artifact id: '6c5ed5d85377a466265c9885dfd46665') in 0.008233 seconds 
  Import took 0.012716 seconds .

========================================================================
Received Import Request.
  Time since last request: 0.000137 seconds.
  path: Assets/Souns n Musics/Sounds/fase 2/46488__phreaksaccount__compactor3.ogg
  artifactKey: Guid(3801492449b8f414fb00215357ed5db2) Importer(815301076,1909f56bfc062723c751e8b465ee728b)
Start importing Assets/Souns n Musics/Sounds/fase 2/46488__phreaksaccount__compactor3.ogg using Guid(3801492449b8f414fb00215357ed5db2) Importer(815301076,1909f56bfc062723c751e8b465ee728b)  -> (artifact id: 'abf9b2e45c516fe387170774b36041cc') in 0.013118 seconds 
  Import took 0.017335 seconds .

========================================================================
Received Import Request.
  Time since last request: 0.000125 seconds.
  path: Assets/Souns n Musics/Sounds/fase 2/259501__ikayuka__industry.mp3
  artifactKey: Guid(1c5c859f90d149543ad2cfb53c33b270) Importer(815301076,1909f56bfc062723c751e8b465ee728b)
Start importing Assets/Souns n Musics/Sounds/fase 2/259501__ikayuka__industry.mp3 using Guid(1c5c859f90d149543ad2cfb53c33b270) Importer(815301076,1909f56bfc062723c751e8b465ee728b)  -> (artifact id: '5ec6a00c052730e13d25b58e5fb8ae30') in 0.009459 seconds 
  Import took 0.013776 seconds .

========================================================================
Received Import Request.
  Time since last request: 0.000157 seconds.
  path: Assets/Souns n Musics/Sounds/fase 2/580634__szegvari__abadoned-steampunk-house-dark-atmosphere.wav
  artifactKey: Guid(d6fcb560559b0be42b20f6657135ea2e) Importer(815301076,1909f56bfc062723c751e8b465ee728b)
Start importing Assets/Souns n Musics/Sounds/fase 2/580634__szegvari__abadoned-steampunk-house-dark-atmosphere.wav using Guid(d6fcb560559b0be42b20f6657135ea2e) Importer(815301076,1909f56bfc062723c751e8b465ee728b)  -> (artifact id: '3697ea814a4a2e63da48bcb64eea2cde') in 0.013564 seconds 
  Import took 0.017699 seconds .

========================================================================
Received Import Request.
  Time since last request: 0.000145 seconds.
  path: Assets/Souns n Musics/Sounds/fase 2/376610__viktorfox__industrial-drums-2-115bpm.wav
  artifactKey: Guid(868c93e9eacc3b746800996c92504276) Importer(815301076,1909f56bfc062723c751e8b465ee728b)
Start importing Assets/Souns n Musics/Sounds/fase 2/376610__viktorfox__industrial-drums-2-115bpm.wav using Guid(868c93e9eacc3b746800996c92504276) Importer(815301076,1909f56bfc062723c751e8b465ee728b)  -> (artifact id: '4cabf4ca6bdd96040622332e526ec132') in 0.012541 seconds 
  Import took 0.016614 seconds .

========================================================================
Received Import Request.
  Time since last request: 0.000142 seconds.
  path: Assets/Souns n Musics/Sounds/fase 2/46487__phreaksaccount__compactor2.ogg
  artifactKey: Guid(c1f9aa5f543217340885f094c7d14a9e) Importer(815301076,1909f56bfc062723c751e8b465ee728b)
Start importing Assets/Souns n Musics/Sounds/fase 2/46487__phreaksaccount__compactor2.ogg using Guid(c1f9aa5f543217340885f094c7d14a9e) Importer(815301076,1909f56bfc062723c751e8b465ee728b)  -> (artifact id: '97f595f6c6c29da711fc82c3b2804742') in 0.010127 seconds 
  Import took 0.014146 seconds .

========================================================================
Received Import Request.
  Time since last request: 0.000126 seconds.
  path: Assets/Souns n Musics/Sounds/fase 2/322074__edemson86__industrialfrosty.ogg
  artifactKey: Guid(b010b1bd86acbb94b9b965226c1d8a94) Importer(815301076,1909f56bfc062723c751e8b465ee728b)
Start importing Assets/Souns n Musics/Sounds/fase 2/322074__edemson86__industrialfrosty.ogg using Guid(b010b1bd86acbb94b9b965226c1d8a94) Importer(815301076,1909f56bfc062723c751e8b465ee728b)  -> (artifact id: '286e09e1c90a0a525362ef2a9bb61a59') in 0.006306 seconds 
  Import took 0.010458 seconds .

========================================================================
Received Import Request.
  Time since last request: 0.000138 seconds.
  path: Assets/Souns n Musics/Sounds/fase 2/125211__keithpeter__steam-train-leaving-moor-st-station.wav
  artifactKey: Guid(a0eec9329951bc74db51a64eebc92d0a) Importer(815301076,1909f56bfc062723c751e8b465ee728b)
Start importing Assets/Souns n Musics/Sounds/fase 2/125211__keithpeter__steam-train-leaving-moor-st-station.wav using Guid(a0eec9329951bc74db51a64eebc92d0a) Importer(815301076,1909f56bfc062723c751e8b465ee728b)  -> (artifact id: 'c1c014f31722a657e309d4b26657f20a') in 0.009215 seconds 
  Import took 0.013907 seconds .

========================================================================
Received Import Request.
  Time since last request: 0.000145 seconds.
  path: Assets/Souns n Musics/Sounds/fase 2/351525__drfx__pendulum-torture-device-1.wav
  artifactKey: Guid(24cc8a1e12dfbbb4fb66b1363c75fec3) Importer(815301076,1909f56bfc062723c751e8b465ee728b)
Start importing Assets/Souns n Musics/Sounds/fase 2/351525__drfx__pendulum-torture-device-1.wav using Guid(24cc8a1e12dfbbb4fb66b1363c75fec3) Importer(815301076,1909f56bfc062723c751e8b465ee728b)  -> (artifact id: 'd499f0c0b2fde5289a7583d29b84c0c8') in 0.009202 seconds 
  Import took 0.013390 seconds .

========================================================================
Received Import Request.
  Time since last request: 0.000140 seconds.
  path: Assets/Souns n Musics/Sounds/fase 2/580632__szegvari__machine-steampunk-relax-chill-ambient.wav
  artifactKey: Guid(815862b870dc7ee4892ad4a2b2131664) Importer(815301076,1909f56bfc062723c751e8b465ee728b)
Start importing Assets/Souns n Musics/Sounds/fase 2/580632__szegvari__machine-steampunk-relax-chill-ambient.wav using Guid(815862b870dc7ee4892ad4a2b2131664) Importer(815301076,1909f56bfc062723c751e8b465ee728b)  -> (artifact id: 'be5a6f4f1d0610e0b150371b243f6bf0') in 0.006504 seconds 
  Import took 0.011047 seconds .

========================================================================
Received Import Request.
  Time since last request: 0.000127 seconds.
  path: Assets/Souns n Musics/Sounds/fase 2/46486__phreaksaccount__compactor1.ogg
  artifactKey: Guid(400428523a7e59c439a936955348a69e) Importer(815301076,1909f56bfc062723c751e8b465ee728b)
Start importing Assets/Souns n Musics/Sounds/fase 2/46486__phreaksaccount__compactor1.ogg using Guid(400428523a7e59c439a936955348a69e) Importer(815301076,1909f56bfc062723c751e8b465ee728b)  -> (artifact id: '23fa178d13b9b2faa2d61ab04be652d1') in 0.010299 seconds 
  Import took 0.014430 seconds .

========================================================================
Received Import Request.
  Time since last request: 0.000142 seconds.
  path: Assets/Souns n Musics/Sounds/fase 2/66364__reinsamba__1243-pressure-cooker.wav
  artifactKey: Guid(a4cc622bcc45f51439f28167f9414644) Importer(815301076,1909f56bfc062723c751e8b465ee728b)
Start importing Assets/Souns n Musics/Sounds/fase 2/66364__reinsamba__1243-pressure-cooker.wav using Guid(a4cc622bcc45f51439f28167f9414644) Importer(815301076,1909f56bfc062723c751e8b465ee728b)  -> (artifact id: 'dc9cab7060c7ab66b03b8a5a560dc5db') in 0.009878 seconds 
  Import took 0.013907 seconds .

========================================================================
Received Import Request.
  Time since last request: 0.000134 seconds.
  path: Assets/Souns n Musics/Sounds/fase 2/219455__qubodup__steampunk-crossbow-shot-3 (1).flac
  artifactKey: Guid(0e983301e8f79534ba92a076c9cb3f2d) Importer(815301076,1909f56bfc062723c751e8b465ee728b)
Start importing Assets/Souns n Musics/Sounds/fase 2/219455__qubodup__steampunk-crossbow-shot-3 (1).flac using Guid(0e983301e8f79534ba92a076c9cb3f2d) Importer(815301076,1909f56bfc062723c751e8b465ee728b)  -> (artifact id: 'adbca38b90c48601ee333cf842df0119') in 0.009352 seconds 
  Import took 0.013528 seconds .

========================================================================
Received Import Request.
  Time since last request: 0.000138 seconds.
  path: Assets/Souns n Musics/Sounds/fase 2/219455__qubodup__steampunk-crossbow-shot-3.flac
  artifactKey: Guid(ea4e339682dd7824a91cca907274130f) Importer(815301076,1909f56bfc062723c751e8b465ee728b)
Start importing Assets/Souns n Musics/Sounds/fase 2/219455__qubodup__steampunk-crossbow-shot-3.flac using Guid(ea4e339682dd7824a91cca907274130f) Importer(815301076,1909f56bfc062723c751e8b465ee728b)  -> (artifact id: '1948a504be6321e0f42665733542300f') in 0.006031 seconds 
  Import took 0.010340 seconds .

========================================================================
Received Prepare
Registering precompiled user dll's ...
Registered in 0.006613 seconds.
Begin MonoManager ReloadAssembly
Native extension for WindowsStandalone target not found
Refreshing native plugins compatible for Editor in 0.82 ms, found 3 plugins.
Preloading 0 native plugins for Editor in 0.00 ms.
Mono: successfully reloaded assembly
- Completed reload, in  0.977 seconds
Domain Reload Profiling:
	ReloadAssembly (977ms)
		BeginReloadAssembly (111ms)
			ExecutionOrderSort (0ms)
			DisableScriptedObjects (5ms)
			BackupInstance (0ms)
			ReleaseScriptingObjects (0ms)
			CreateAndSetChildDomain (37ms)
		EndReloadAssembly (810ms)
			LoadAssemblies (83ms)
			RebuildTransferFunctionScriptingTraits (0ms)
			SetupTypeCache (282ms)
			ReleaseScriptCaches (1ms)
			RebuildScriptCaches (40ms)
			SetupLoadedEditorAssemblies (311ms)
				LogAssemblyErrors (0ms)
				InitializePlatformSupportModulesInManaged (4ms)
				SetLoadedEditorAssemblies (0ms)
				RefreshPlugins (1ms)
				BeforeProcessingInitializeOnLoad (67ms)
				ProcessInitializeOnLoadAttributes (196ms)
				ProcessInitializeOnLoadMethodAttributes (37ms)
				AfterProcessingInitializeOnLoad (6ms)
				EditorAssembliesLoaded (0ms)
			ExecutionOrderSort2 (0ms)
			AwakeInstancesAfterBackupRestoration (8ms)
Platform modules already initialized, skipping
Refreshing native plugins compatible for Editor in 0.83 ms, found 3 plugins.
Preloading 0 native plugins for Editor in 0.00 ms.
Unloading 3057 Unused Serialized files (Serialized files now loaded: 0)
System memory in use before: 124.8 MB.
System memory in use after: 125.1 MB.

Unloading 57 unused Assets to reduce memory usage. Loaded Objects now: 3480.
Total: 5.903800 ms (FindLiveObjects: 0.266400 ms CreateObjectMapping: 0.172800 ms MarkObjects: 5.437800 ms  DeleteObjects: 0.026100 ms)

AssetImportParameters requested are different than current active one (requested -> active):
  custom:framework-win-MediaFoundation: 216162199b28c13a410421893ffa2e32 -> 
  custom:video-decoder-ogg-theora: a1e56fd34408186e4bbccfd4996cb3dc -> 
  custom:container-muxer-webm: aa71ff27fc2769a1b78a27578f13a17b -> 
  custom:container-demuxer-webm: 4f35f7cbe854078d1ac9338744f61a02 -> 
  custom:container-demuxer-ogg: 62fdf1f143b41e24485cea50d1cbac27 -> 
  custom:video-encoder-webm-vp8: eb34c28f22e8b96e1ab97ce403110664 -> 
  custom:video-decoder-webm-vp8: 9c59270c3fd7afecdb556c50c9e8de78 -> 
  custom:audio-decoder-ogg-vorbis: bf7c407c2cedff20999df2af8eb42d56 -> 
  custom:audio-encoder-webm-vorbis: bf7c407c2cedff20999df2af8eb42d56 -> 
========================================================================
Received Prepare
Registering precompiled user dll's ...
Registered in 0.006538 seconds.
Begin MonoManager ReloadAssembly
Native extension for WindowsStandalone target not found
Refreshing native plugins compatible for Editor in 0.84 ms, found 3 plugins.
Preloading 0 native plugins for Editor in 0.00 ms.
Mono: successfully reloaded assembly
- Completed reload, in  1.003 seconds
Domain Reload Profiling:
	ReloadAssembly (1003ms)
		BeginReloadAssembly (108ms)
			ExecutionOrderSort (0ms)
			DisableScriptedObjects (6ms)
			BackupInstance (0ms)
			ReleaseScriptingObjects (0ms)
			CreateAndSetChildDomain (33ms)
		EndReloadAssembly (839ms)
			LoadAssemblies (82ms)
			RebuildTransferFunctionScriptingTraits (0ms)
			SetupTypeCache (292ms)
			ReleaseScriptCaches (1ms)
			RebuildScriptCaches (40ms)
			SetupLoadedEditorAssemblies (326ms)
				LogAssemblyErrors (0ms)
				InitializePlatformSupportModulesInManaged (4ms)
				SetLoadedEditorAssemblies (0ms)
				RefreshPlugins (1ms)
				BeforeProcessingInitializeOnLoad (74ms)
				ProcessInitializeOnLoadAttributes (204ms)
				ProcessInitializeOnLoadMethodAttributes (37ms)
				AfterProcessingInitializeOnLoad (6ms)
				EditorAssembliesLoaded (0ms)
			ExecutionOrderSort2 (0ms)
			AwakeInstancesAfterBackupRestoration (8ms)
Platform modules already initialized, skipping
Refreshing native plugins compatible for Editor in 0.82 ms, found 3 plugins.
Preloading 0 native plugins for Editor in 0.00 ms.
Unloading 3057 Unused Serialized files (Serialized files now loaded: 0)
System memory in use before: 124.9 MB.
System memory in use after: 125.1 MB.

Unloading 57 unused Assets to reduce memory usage. Loaded Objects now: 3482.
Total: 6.222100 ms (FindLiveObjects: 0.276300 ms CreateObjectMapping: 0.151600 ms MarkObjects: 5.764100 ms  DeleteObjects: 0.029100 ms)

AssetImportParameters requested are different than current active one (requested -> active):
  custom:framework-win-MediaFoundation: 216162199b28c13a410421893ffa2e32 -> 
  custom:video-decoder-ogg-theora: a1e56fd34408186e4bbccfd4996cb3dc -> 
  custom:container-muxer-webm: aa71ff27fc2769a1b78a27578f13a17b -> 
  custom:container-demuxer-webm: 4f35f7cbe854078d1ac9338744f61a02 -> 
  custom:container-demuxer-ogg: 62fdf1f143b41e24485cea50d1cbac27 -> 
  custom:video-encoder-webm-vp8: eb34c28f22e8b96e1ab97ce403110664 -> 
  custom:video-decoder-webm-vp8: 9c59270c3fd7afecdb556c50c9e8de78 -> 
  custom:audio-decoder-ogg-vorbis: bf7c407c2cedff20999df2af8eb42d56 -> 
  custom:audio-encoder-webm-vorbis: bf7c407c2cedff20999df2af8eb42d56 -> 
========================================================================
Received Prepare
Registering precompiled user dll's ...
Registered in 0.006562 seconds.
Begin MonoManager ReloadAssembly
Native extension for WindowsStandalone target not found
Refreshing native plugins compatible for Editor in 0.94 ms, found 3 plugins.
Preloading 0 native plugins for Editor in 0.00 ms.
Mono: successfully reloaded assembly
- Completed reload, in  0.967 seconds
Domain Reload Profiling:
	ReloadAssembly (968ms)
		BeginReloadAssembly (102ms)
			ExecutionOrderSort (0ms)
			DisableScriptedObjects (5ms)
			BackupInstance (0ms)
			ReleaseScriptingObjects (0ms)
			CreateAndSetChildDomain (33ms)
		EndReloadAssembly (809ms)
			LoadAssemblies (83ms)
			RebuildTransferFunctionScriptingTraits (0ms)
			SetupTypeCache (282ms)
			ReleaseScriptCaches (1ms)
			RebuildScriptCaches (39ms)
			SetupLoadedEditorAssemblies (311ms)
				LogAssemblyErrors (0ms)
				InitializePlatformSupportModulesInManaged (4ms)
				SetLoadedEditorAssemblies (0ms)
				RefreshPlugins (1ms)
				BeforeProcessingInitializeOnLoad (68ms)
				ProcessInitializeOnLoadAttributes (195ms)
				ProcessInitializeOnLoadMethodAttributes (37ms)
				AfterProcessingInitializeOnLoad (6ms)
				EditorAssembliesLoaded (0ms)
			ExecutionOrderSort2 (0ms)
			AwakeInstancesAfterBackupRestoration (7ms)
Platform modules already initialized, skipping
Refreshing native plugins compatible for Editor in 0.87 ms, found 3 plugins.
Preloading 0 native plugins for Editor in 0.00 ms.
Unloading 3057 Unused Serialized files (Serialized files now loaded: 0)
System memory in use before: 124.9 MB.
System memory in use after: 125.1 MB.

Unloading 57 unused Assets to reduce memory usage. Loaded Objects now: 3484.
Total: 5.815900 ms (FindLiveObjects: 0.261500 ms CreateObjectMapping: 0.145900 ms MarkObjects: 5.383800 ms  DeleteObjects: 0.023800 ms)

AssetImportParameters requested are different than current active one (requested -> active):
  custom:framework-win-MediaFoundation: 216162199b28c13a410421893ffa2e32 -> 
  custom:video-decoder-ogg-theora: a1e56fd34408186e4bbccfd4996cb3dc -> 
  custom:container-muxer-webm: aa71ff27fc2769a1b78a27578f13a17b -> 
  custom:container-demuxer-webm: 4f35f7cbe854078d1ac9338744f61a02 -> 
  custom:container-demuxer-ogg: 62fdf1f143b41e24485cea50d1cbac27 -> 
  custom:video-encoder-webm-vp8: eb34c28f22e8b96e1ab97ce403110664 -> 
  custom:video-decoder-webm-vp8: 9c59270c3fd7afecdb556c50c9e8de78 -> 
  custom:audio-decoder-ogg-vorbis: bf7c407c2cedff20999df2af8eb42d56 -> 
  custom:audio-encoder-webm-vorbis: bf7c407c2cedff20999df2af8eb42d56 -> 
AssetImportWorkerClient::OnTransportError - code=2 error=End of file
